Using pre-set license
Built from '2020.3/staging' branch; Version is '2020.3.25f1 (9b9180224418) revision 10195328'; Using compiler version '192528614'; Build Type 'Release'
OS: 'Windows 10  (10.0.19044) 64bit Core' Language: 'fr' Physical Memory: 16324 MB
BatchMode: 1, IsHumanControllingUs: 0, StartBugReporterOnCrash: 0, Is64bit: 1, IsPro: 0

COMMAND LINE ARGUMENTS:
I:\Programmes\UnityEditors\2020.3.25f1\Editor\Unity.exe
-adb2
-batchMode
-noUpm
-name
AssetImportWorker0
-projectPath
I:/Unity Projects/Demo-Trafic/Demo-Trafic
-logFile
Logs/AssetImportWorker0.log
-srvPort
55226
Successfully changed project path to: I:/Unity Projects/Demo-Trafic/Demo-Trafic
I:/Unity Projects/Demo-Trafic/Demo-Trafic
Using Asset Import Pipeline V2.
Refreshing native plugins compatible for Editor in 75.39 ms, found 2 plugins.
Preloading 0 native plugins for Editor in 0.00 ms.
Initialize engine version: 2020.3.25f1 (9b9180224418)
[Subsystems] Discovering subsystems at path I:/Programmes/UnityEditors/2020.3.25f1/Editor/Data/Resources/UnitySubsystems
[Subsystems] Discovering subsystems at path I:/Unity Projects/Demo-Trafic/Demo-Trafic/Assets
GfxDevice: creating device client; threaded=0
Direct3D:
    Version:  Direct3D 11.0 [level 11.0]
    Renderer: NVIDIA GeForce GTX 770 (ID=0x1184)
    Vendor:   
    VRAM:     2007 MB
    Driver:   27.21.14.5671
Initialize mono
Mono path[0] = 'I:/Programmes/UnityEditors/2020.3.25f1/Editor/Data/Managed'
Mono path[1] = 'I:/Programmes/UnityEditors/2020.3.25f1/Editor/Data/MonoBleedingEdge/lib/mono/unityjit'
Mono config path = 'I:/Programmes/UnityEditors/2020.3.25f1/Editor/Data/MonoBleedingEdge/etc'
Using monoOptions --debugger-agent=transport=dt_socket,embedding=1,server=y,suspend=n,address=127.0.0.1:56212
Begin MonoManager ReloadAssembly
Registering precompiled unity dll's ...
Register platform support module: I:/Programmes/UnityEditors/2020.3.25f1/Editor/Data/PlaybackEngines/WebGLSupport/UnityEditor.WebGL.Extensions.dll
Register platform support module: I:/Programmes/UnityEditors/2020.3.25f1/Editor/Data/PlaybackEngines/WindowsStandaloneSupport/UnityEditor.WindowsStandalone.Extensions.dll
Registered in 0.002721 seconds.
Native extension for WindowsStandalone target not found
Native extension for WebGL target not found
Refreshing native plugins compatible for Editor in 70.33 ms, found 2 plugins.
Preloading 0 native plugins for Editor in 0.00 ms.
Mono: successfully reloaded assembly
- Completed reload, in  0.856 seconds
Domain Reload Profiling:
	ReloadAssembly (857ms)
		BeginReloadAssembly (72ms)
			ExecutionOrderSort (0ms)
			DisableScriptedObjects (0ms)
			BackupInstance (0ms)
			ReleaseScriptingObjects (0ms)
			CreateAndSetChildDomain (1ms)
		EndReloadAssembly (690ms)
			LoadAssemblies (70ms)
			RebuildTransferFunctionScriptingTraits (0ms)
			SetupTypeCache (224ms)
			ReleaseScriptCaches (0ms)
			RebuildScriptCaches (51ms)
			SetupLoadedEditorAssemblies (266ms)
				LogAssemblyErrors (0ms)
				InitializePlatformSupportModulesInManaged (7ms)
				SetLoadedEditorAssemblies (1ms)
				RefreshPlugins (70ms)
				BeforeProcessingInitializeOnLoad (24ms)
				ProcessInitializeOnLoadAttributes (125ms)
				ProcessInitializeOnLoadMethodAttributes (39ms)
				AfterProcessingInitializeOnLoad (0ms)
				EditorAssembliesLoaded (0ms)
			ExecutionOrderSort2 (0ms)
			AwakeInstancesAfterBackupRestoration (0ms)
Platform modules already initialized, skipping
Registering precompiled user dll's ...
Registered in 0.005886 seconds.
Begin MonoManager ReloadAssembly
Native extension for WindowsStandalone target not found
Native extension for WebGL target not found
Refreshing native plugins compatible for Editor in 65.54 ms, found 2 plugins.
Preloading 0 native plugins for Editor in 0.00 ms.
Mono: successfully reloaded assembly
- Completed reload, in  1.603 seconds
Domain Reload Profiling:
	ReloadAssembly (1604ms)
		BeginReloadAssembly (206ms)
			ExecutionOrderSort (0ms)
			DisableScriptedObjects (7ms)
			BackupInstance (0ms)
			ReleaseScriptingObjects (0ms)
			CreateAndSetChildDomain (24ms)
		EndReloadAssembly (1313ms)
			LoadAssemblies (139ms)
			RebuildTransferFunctionScriptingTraits (0ms)
			SetupTypeCache (444ms)
			ReleaseScriptCaches (1ms)
			RebuildScriptCaches (81ms)
			SetupLoadedEditorAssemblies (496ms)
				LogAssemblyErrors (0ms)
				InitializePlatformSupportModulesInManaged (6ms)
				SetLoadedEditorAssemblies (0ms)
				RefreshPlugins (66ms)
				BeforeProcessingInitializeOnLoad (120ms)
				ProcessInitializeOnLoadAttributes (284ms)
				ProcessInitializeOnLoadMethodAttributes (13ms)
				AfterProcessingInitializeOnLoad (7ms)
				EditorAssembliesLoaded (0ms)
			ExecutionOrderSort2 (0ms)
			AwakeInstancesAfterBackupRestoration (9ms)
Platform modules already initialized, skipping
========================================================================
Worker process is ready to serve import requests
Launched and connected shader compiler UnityShaderCompiler.exe after 0.04 seconds
Refreshing native plugins compatible for Editor in 0.76 ms, found 2 plugins.
Preloading 0 native plugins for Editor in 0.00 ms.
Unloading 2807 Unused Serialized files (Serialized files now loaded: 0)
System memory in use before: 125.9 MB.
System memory in use after: 126.0 MB.

Unloading 20 unused Assets to reduce memory usage. Loaded Objects now: 3237.
Total: 4.541600 ms (FindLiveObjects: 0.270300 ms CreateObjectMapping: 0.123000 ms MarkObjects: 4.043400 ms  DeleteObjects: 0.103100 ms)

AssetImportParameters requested are different than current active one (requested -> active):
  custom:framework-win-MediaFoundation: 216162199b28c13a410421893ffa2e32 -> 
  custom:video-decoder-ogg-theora: a1e56fd34408186e4bbccfd4996cb3dc -> 
  custom:container-muxer-webm: aa71ff27fc2769a1b78a27578f13a17b -> 
  custom:container-demuxer-webm: 4f35f7cbe854078d1ac9338744f61a02 -> 
  custom:container-demuxer-ogg: 62fdf1f143b41e24485cea50d1cbac27 -> 
  custom:video-encoder-webm-vp8: eb34c28f22e8b96e1ab97ce403110664 -> 
  custom:video-codec-MediaFoundation-h265: 746d11721c4dcdbdad8f713fa42b33f4 -> 
  custom:video-decoder-webm-vp8: 9c59270c3fd7afecdb556c50c9e8de78 -> 
  custom:audio-decoder-ogg-vorbis: bf7c407c2cedff20999df2af8eb42d56 -> 
  custom:audio-encoder-webm-vorbis: bf7c407c2cedff20999df2af8eb42d56 -> 
========================================================================
Received Import Request.
  path: Assets/Materials
  artifactKey: Guid(d0234ba368eeec9418390da711bfdad0) Importer(815301076,1909f56bfc062723c751e8b465ee728b)
Start importing Assets/Materials using Guid(d0234ba368eeec9418390da711bfdad0) Importer(815301076,1909f56bfc062723c751e8b465ee728b)  -> (artifact id: 'dd1fccef896d48891410691dfde716e5') in 0.012391 seconds 
  Import took 0.018302 seconds .

========================================================================
Received Import Request.
  Time since last request: 2.099804 seconds.
  path: Assets/Scripts
  artifactKey: Guid(02a3527b6b33a924e8ec66aa805ea717) Importer(815301076,1909f56bfc062723c751e8b465ee728b)
Start importing Assets/Scripts using Guid(02a3527b6b33a924e8ec66aa805ea717) Importer(815301076,1909f56bfc062723c751e8b465ee728b)  -> (artifact id: 'f0a913a0049096cde5d6a727232f232f') in 0.006977 seconds 
  Import took 0.011720 seconds .

========================================================================
Received Import Request.
  Time since last request: 0.794787 seconds.
  path: Assets/Scripts/SimpleCameraController.cs
  artifactKey: Guid(be76e5f14cfee674cb30b491fb72b09b) Importer(815301076,1909f56bfc062723c751e8b465ee728b)
Start importing Assets/Scripts/SimpleCameraController.cs using Guid(be76e5f14cfee674cb30b491fb72b09b) Importer(815301076,1909f56bfc062723c751e8b465ee728b)  -> (artifact id: 'f7d3030d053341df958ee2b667ccbc5c') in 0.040023 seconds 
  Import took 0.044603 seconds .

========================================================================
Received Prepare
Registering precompiled user dll's ...
Registered in 0.005705 seconds.
Begin MonoManager ReloadAssembly
Native extension for WindowsStandalone target not found
Native extension for WebGL target not found
Refreshing native plugins compatible for Editor in 0.82 ms, found 2 plugins.
Preloading 0 native plugins for Editor in 0.00 ms.
Mono: successfully reloaded assembly
- Completed reload, in  1.410 seconds
Domain Reload Profiling:
	ReloadAssembly (1411ms)
		BeginReloadAssembly (163ms)
			ExecutionOrderSort (0ms)
			DisableScriptedObjects (7ms)
			BackupInstance (0ms)
			ReleaseScriptingObjects (0ms)
			CreateAndSetChildDomain (42ms)
		EndReloadAssembly (1165ms)
			LoadAssemblies (121ms)
			RebuildTransferFunctionScriptingTraits (0ms)
			SetupTypeCache (397ms)
			ReleaseScriptCaches (1ms)
			RebuildScriptCaches (69ms)
			SetupLoadedEditorAssemblies (432ms)
				LogAssemblyErrors (0ms)
				InitializePlatformSupportModulesInManaged (7ms)
				SetLoadedEditorAssemblies (1ms)
				RefreshPlugins (1ms)
				BeforeProcessingInitializeOnLoad (119ms)
				ProcessInitializeOnLoadAttributes (286ms)
				ProcessInitializeOnLoadMethodAttributes (12ms)
				AfterProcessingInitializeOnLoad (7ms)
				EditorAssembliesLoaded (0ms)
			ExecutionOrderSort2 (0ms)
			AwakeInstancesAfterBackupRestoration (14ms)
Platform modules already initialized, skipping
Refreshing native plugins compatible for Editor in 0.74 ms, found 2 plugins.
Preloading 0 native plugins for Editor in 0.00 ms.
Unloading 2696 Unused Serialized files (Serialized files now loaded: 0)
System memory in use before: 118.6 MB.
System memory in use after: 118.8 MB.

Unloading 16 unused Assets to reduce memory usage. Loaded Objects now: 3238.
Total: 3.468100 ms (FindLiveObjects: 0.211300 ms CreateObjectMapping: 0.117300 ms MarkObjects: 3.115200 ms  DeleteObjects: 0.022900 ms)

AssetImportParameters requested are different than current active one (requested -> active):
  custom:framework-win-MediaFoundation: 216162199b28c13a410421893ffa2e32 -> 
  custom:video-decoder-ogg-theora: a1e56fd34408186e4bbccfd4996cb3dc -> 
  custom:container-muxer-webm: aa71ff27fc2769a1b78a27578f13a17b -> 
  custom:container-demuxer-webm: 4f35f7cbe854078d1ac9338744f61a02 -> 
  custom:container-demuxer-ogg: 62fdf1f143b41e24485cea50d1cbac27 -> 
  custom:video-encoder-webm-vp8: eb34c28f22e8b96e1ab97ce403110664 -> 
  custom:video-codec-MediaFoundation-h265: 746d11721c4dcdbdad8f713fa42b33f4 -> 
  custom:video-decoder-webm-vp8: 9c59270c3fd7afecdb556c50c9e8de78 -> 
  custom:audio-decoder-ogg-vorbis: bf7c407c2cedff20999df2af8eb42d56 -> 
  custom:audio-encoder-webm-vorbis: bf7c407c2cedff20999df2af8eb42d56 -> 
========================================================================
Received Import Request.
  Time since last request: 8.149368 seconds.
  path: Assets/Settings
  artifactKey: Guid(0735c275001a2c84dafdb30deced5d8d) Importer(815301076,1909f56bfc062723c751e8b465ee728b)
Start importing Assets/Settings using Guid(0735c275001a2c84dafdb30deced5d8d) Importer(815301076,1909f56bfc062723c751e8b465ee728b)  -> (artifact id: 'cadd7ca10b5bf32e886eec457cf073a7') in 0.011048 seconds 
  Import took 0.015447 seconds .

========================================================================
Received Import Request.
  Time since last request: 2.792503 seconds.
  path: Assets/TutorialInfo
  artifactKey: Guid(49110bb8dcada46328ad741970bce702) Importer(815301076,1909f56bfc062723c751e8b465ee728b)
Start importing Assets/TutorialInfo using Guid(49110bb8dcada46328ad741970bce702) Importer(815301076,1909f56bfc062723c751e8b465ee728b)  -> (artifact id: 'de5a30219286eb2a872f2f84d66d9616') in 0.006811 seconds 
  Import took 0.011416 seconds .

========================================================================
Received Prepare
Registering precompiled user dll's ...
Registered in 0.005644 seconds.
Begin MonoManager ReloadAssembly
Native extension for WindowsStandalone target not found
Native extension for WebGL target not found
Refreshing native plugins compatible for Editor in 0.72 ms, found 2 plugins.
Preloading 0 native plugins for Editor in 0.00 ms.
Mono: successfully reloaded assembly
- Completed reload, in  1.385 seconds
Domain Reload Profiling:
	ReloadAssembly (1386ms)
		BeginReloadAssembly (150ms)
			ExecutionOrderSort (0ms)
			DisableScriptedObjects (7ms)
			BackupInstance (0ms)
			ReleaseScriptingObjects (0ms)
			CreateAndSetChildDomain (42ms)
		EndReloadAssembly (1155ms)
			LoadAssemblies (120ms)
			RebuildTransferFunctionScriptingTraits (0ms)
			SetupTypeCache (392ms)
			ReleaseScriptCaches (1ms)
			RebuildScriptCaches (69ms)
			SetupLoadedEditorAssemblies (429ms)
				LogAssemblyErrors (0ms)
				InitializePlatformSupportModulesInManaged (9ms)
				SetLoadedEditorAssemblies (1ms)
				RefreshPlugins (1ms)
				BeforeProcessingInitializeOnLoad (121ms)
				ProcessInitializeOnLoadAttributes (278ms)
				ProcessInitializeOnLoadMethodAttributes (11ms)
				AfterProcessingInitializeOnLoad (7ms)
				EditorAssembliesLoaded (0ms)
			ExecutionOrderSort2 (0ms)
			AwakeInstancesAfterBackupRestoration (15ms)
Platform modules already initialized, skipping
Refreshing native plugins compatible for Editor in 0.74 ms, found 2 plugins.
Preloading 0 native plugins for Editor in 0.00 ms.
Unloading 2694 Unused Serialized files (Serialized files now loaded: 0)
System memory in use before: 118.6 MB.
System memory in use after: 118.8 MB.

Unloading 16 unused Assets to reduce memory usage. Loaded Objects now: 3239.
Total: 3.480500 ms (FindLiveObjects: 0.218900 ms CreateObjectMapping: 0.119300 ms MarkObjects: 3.112300 ms  DeleteObjects: 0.028800 ms)

AssetImportParameters requested are different than current active one (requested -> active):
  custom:framework-win-MediaFoundation: 216162199b28c13a410421893ffa2e32 -> 
  custom:video-decoder-ogg-theora: a1e56fd34408186e4bbccfd4996cb3dc -> 
  custom:container-muxer-webm: aa71ff27fc2769a1b78a27578f13a17b -> 
  custom:container-demuxer-webm: 4f35f7cbe854078d1ac9338744f61a02 -> 
  custom:container-demuxer-ogg: 62fdf1f143b41e24485cea50d1cbac27 -> 
  custom:video-encoder-webm-vp8: eb34c28f22e8b96e1ab97ce403110664 -> 
  custom:video-codec-MediaFoundation-h265: 746d11721c4dcdbdad8f713fa42b33f4 -> 
  custom:video-decoder-webm-vp8: 9c59270c3fd7afecdb556c50c9e8de78 -> 
  custom:audio-decoder-ogg-vorbis: bf7c407c2cedff20999df2af8eb42d56 -> 
  custom:audio-encoder-webm-vorbis: bf7c407c2cedff20999df2af8eb42d56 -> 
========================================================================
Received Import Request.
  Time since last request: 9.923135 seconds.
  path: Assets
  artifactKey: Guid(00000000000000001000000000000000) Importer(815301076,1909f56bfc062723c751e8b465ee728b)
Start importing Assets using Guid(00000000000000001000000000000000) Importer(815301076,1909f56bfc062723c751e8b465ee728b)  -> (artifact id: '42d402b061de3733987d63b9cc3b64de') in 0.010783 seconds 
  Import took 0.015592 seconds .

========================================================================
Received Import Request.
  Time since last request: 4.857438 seconds.
  path: Assets/TExtures
  artifactKey: Guid(75e5a5c48db7fe94dbc9d9784d240405) Importer(815301076,1909f56bfc062723c751e8b465ee728b)
Start importing Assets/TExtures using Guid(75e5a5c48db7fe94dbc9d9784d240405) Importer(815301076,1909f56bfc062723c751e8b465ee728b)  -> (artifact id: '8bd660e87c4ee4297febe345b7c050ec') in 0.007077 seconds 
  Import took 0.012781 seconds .

========================================================================
Received Import Request.
  Time since last request: 2.296403 seconds.
  path: Assets/Textures
  artifactKey: Guid(75e5a5c48db7fe94dbc9d9784d240405) Importer(815301076,1909f56bfc062723c751e8b465ee728b)
Start importing Assets/Textures using Guid(75e5a5c48db7fe94dbc9d9784d240405) Importer(815301076,1909f56bfc062723c751e8b465ee728b)  -> (artifact id: 'b9fc561688c12b907c509bed93ed524c') in 0.006713 seconds 
  Import took 0.011376 seconds .

========================================================================
Received Import Request.
  Time since last request: 5.452302 seconds.
  path: Assets/FBX
  artifactKey: Guid(c58e28ec095beee4c9d514693a69a606) Importer(815301076,1909f56bfc062723c751e8b465ee728b)
Start importing Assets/FBX using Guid(c58e28ec095beee4c9d514693a69a606) Importer(815301076,1909f56bfc062723c751e8b465ee728b)  -> (artifact id: '89a868cf98a287fb8195f05aa51cb5d7') in 0.008397 seconds 
  Import took 0.014318 seconds .

========================================================================
Received Import Request.
  Time since last request: 165.885749 seconds.
  path: Assets/FBX/Arret.fbx
  artifactKey: Guid(45870206747fefa43b89aaf3ee4ab9ad) Importer(815301076,1909f56bfc062723c751e8b465ee728b)
Start importing Assets/FBX/Arret.fbx using Guid(45870206747fefa43b89aaf3ee4ab9ad) Importer(815301076,1909f56bfc062723c751e8b465ee728b)  -> (artifact id: '0b8a621cd276e372b21bbf8e14a4a399') in 1.067487 seconds 
  Import took 1.073406 seconds .

========================================================================
Received Import Request.
  Time since last request: 3.221056 seconds.
  path: Assets/FBX/Voiture.fbx
  artifactKey: Guid(b79e52ca73fe82f4c9effb7dd20b37cf) Importer(815301076,1909f56bfc062723c751e8b465ee728b)
Start importing Assets/FBX/Voiture.fbx using Guid(b79e52ca73fe82f4c9effb7dd20b37cf) Importer(815301076,1909f56bfc062723c751e8b465ee728b)  -> (artifact id: '94748288e42765137c7fc5dc11798466') in 0.141097 seconds 
  Import took 0.146114 seconds .

========================================================================
Received Import Request.
  Time since last request: 34.930312 seconds.
  path: Assets/FBX/Trottoir.fbx
  artifactKey: Guid(4ab27a79adb773544b622576b264e777) Importer(815301076,1909f56bfc062723c751e8b465ee728b)
Start importing Assets/FBX/Trottoir.fbx using Guid(4ab27a79adb773544b622576b264e777) Importer(815301076,1909f56bfc062723c751e8b465ee728b)  -> (artifact id: '169a5a3a0752da52c61dcba4a69aa45f') in 0.025783 seconds 
  Import took 0.031660 seconds .

========================================================================
Received Import Request.
  Time since last request: 49.712810 seconds.
  path: Assets/Textures/LigneDiscontinue.png
  artifactKey: Guid(52a2d3a0ff81b75409b5ae47f481941f) Importer(815301076,1909f56bfc062723c751e8b465ee728b)
Start importing Assets/Textures/LigneDiscontinue.png using Guid(52a2d3a0ff81b75409b5ae47f481941f) Importer(815301076,1909f56bfc062723c751e8b465ee728b)  -> (artifact id: 'da420dd11b9f45e433cdb1d8912ccdbb') in 0.022732 seconds 
  Import took 0.028072 seconds .

========================================================================
Received Import Request.
  Time since last request: 15.273929 seconds.
  path: Assets/Textures/LigneDiscontinue.png
  artifactKey: Guid(52a2d3a0ff81b75409b5ae47f481941f) Importer(815301076,1909f56bfc062723c751e8b465ee728b)
Start importing Assets/Textures/LigneDiscontinue.png using Guid(52a2d3a0ff81b75409b5ae47f481941f) Importer(815301076,1909f56bfc062723c751e8b465ee728b)  -> (artifact id: '648a01837880edb9cd0b34b4b57d0a13') in 0.011182 seconds 
  Import took 0.015978 seconds .

========================================================================
Received Import Request.
  Time since last request: 117.694591 seconds.
  path: Assets/Textures/LigneDiscontinue.png
  artifactKey: Guid(52a2d3a0ff81b75409b5ae47f481941f) Importer(815301076,1909f56bfc062723c751e8b465ee728b)
Start importing Assets/Textures/LigneDiscontinue.png using Guid(52a2d3a0ff81b75409b5ae47f481941f) Importer(815301076,1909f56bfc062723c751e8b465ee728b)  -> (artifact id: '2637d26a9de90d929b8081e71beaff51') in 0.026770 seconds 
  Import took 0.032333 seconds .

========================================================================
Received Import Request.
  Time since last request: 3.943370 seconds.
  path: Assets/Textures/LigneDiscontinue.png
  artifactKey: Guid(52a2d3a0ff81b75409b5ae47f481941f) Importer(815301076,1909f56bfc062723c751e8b465ee728b)
Start importing Assets/Textures/LigneDiscontinue.png using Guid(52a2d3a0ff81b75409b5ae47f481941f) Importer(815301076,1909f56bfc062723c751e8b465ee728b)  -> (artifact id: 'f90fb155f868d0ce967709f9852548b6') in 0.007185 seconds 
  Import took 0.012183 seconds .

========================================================================
Received Import Request.
  Time since last request: 5.941919 seconds.
  path: Assets/Textures/LigneDiscontinue.png
  artifactKey: Guid(52a2d3a0ff81b75409b5ae47f481941f) Importer(815301076,1909f56bfc062723c751e8b465ee728b)
Start importing Assets/Textures/LigneDiscontinue.png using Guid(52a2d3a0ff81b75409b5ae47f481941f) Importer(815301076,1909f56bfc062723c751e8b465ee728b)  -> (artifact id: 'f69971f2e904f7d576f66c6f8546ca28') in 0.007246 seconds 
  Import took 0.011947 seconds .

========================================================================
Received Import Request.
  Time since last request: 11.831321 seconds.
  path: Assets/Textures/LigneDiscontinue.png
  artifactKey: Guid(52a2d3a0ff81b75409b5ae47f481941f) Importer(815301076,1909f56bfc062723c751e8b465ee728b)
Start importing Assets/Textures/LigneDiscontinue.png using Guid(52a2d3a0ff81b75409b5ae47f481941f) Importer(815301076,1909f56bfc062723c751e8b465ee728b)  -> (artifact id: '411cb9f4d56eb4f662b62f948e1da0b1') in 0.006916 seconds 
  Import took 0.012462 seconds .

========================================================================
Received Import Request.
  Time since last request: 237.827266 seconds.
  path: Assets/Textures/LigneDiscontinue.png
  artifactKey: Guid(52a2d3a0ff81b75409b5ae47f481941f) Importer(815301076,1909f56bfc062723c751e8b465ee728b)
Start importing Assets/Textures/LigneDiscontinue.png using Guid(52a2d3a0ff81b75409b5ae47f481941f) Importer(815301076,1909f56bfc062723c751e8b465ee728b)  -> (artifact id: '0d0ef66373b661582c098bc39e572db0') in 0.008753 seconds 
  Import took 0.015063 seconds .

========================================================================
Received Import Request.
  Time since last request: 3.097911 seconds.
  path: Assets/Textures/LigneDiscontinue.png
  artifactKey: Guid(52a2d3a0ff81b75409b5ae47f481941f) Importer(815301076,1909f56bfc062723c751e8b465ee728b)
Start importing Assets/Textures/LigneDiscontinue.png using Guid(52a2d3a0ff81b75409b5ae47f481941f) Importer(815301076,1909f56bfc062723c751e8b465ee728b)  -> (artifact id: '790339b281073dba5089dd3ae5d658e8') in 0.007532 seconds 
  Import took 0.012366 seconds .

AssetImportWorkerClient::OnTransportError - code=2 error=End of file
